nohup: ignoring input
正在初始化globalConfig
正在初始化种群
种群初始化完成
开始构建controller节点
controller节点构建完成
开始构建worker节点
worker节点构建完成
开始进行突变
2022-08-10 08:43:49.859669: W tensorflow/stream_executor/platform/default/dso_loader.cc:64] Could not load dynamic library 'libcudart.so.11.0'; dlerror: libcudart.so.11.0: cannot open shared object file: No such file or directory
2022-08-10 08:43:49.859708: I tensorflow/stream_executor/cuda/cudart_stub.cc:29] Ignore above cudart dlerror if you do not have a GPU set up on your machine.
2022-08-10 08:43:53.933545: W tensorflow/stream_executor/platform/default/dso_loader.cc:64] Could not load dynamic library 'libcuda.so.1'; dlerror: libcuda.so.1: cannot open shared object file: No such file or directory
2022-08-10 08:43:53.933591: W tensorflow/stream_executor/cuda/cuda_driver.cc:269] failed call to cuInit: UNKNOWN ERROR (303)
2022-08-10 08:43:53.933619: I tensorflow/stream_executor/cuda/cuda_diagnostics.cc:156] kernel driver does not appear to be running on this host (ubuntu): /proc/driver/nvidia/version does not exist
2022-08-10 08:43:53.934139: I tensorflow/core/platform/cpu_feature_guard.cc:142] This TensorFlow binary is optimized with oneAPI Deep Neural Network Library (oneDNN) to use the following CPU instructions in performance-critical operations:  AVX2 AVX512F FMA
To enable them in other operations, rebuild TensorFlow with the appropriate compiler flags.
本轮误差为9.397665659586588e-06
第0轮已经完成
本轮误差为5.316734313964844e-05
第1轮已经完成
本轮误差为0.0004589557647705078
第2轮已经完成
本轮误差为1.8477439880371094e-05
第3轮已经完成
本轮误差为3.6557515462239586e-05
第4轮已经完成
本轮误差为7.35918680826823e-05
第5轮已经完成
本轮误差为4.00543212890625e-05
第6轮已经完成
本轮误差为4.0436784426371254e-05
第7轮已经完成
本轮误差为5.316734313964844e-05
第8轮已经完成
本轮误差为4.9908955891927086e-05
第9轮已经完成
本轮误差为0.0004589557647705078
第10轮已经完成
本轮误差为0.00018024444580078125
第11轮已经完成
本轮误差为3.3855438232421875e-05
第12轮已经完成
本轮误差为3.5484631856282554e-05
第13轮已经完成
本轮误差为0.00018024444580078125
第14轮已经完成
本轮误差为1.533826192220052e-05
第15轮已经完成
本轮误差为3.5484631856282554e-05
第16轮已经完成
本轮误差为1.3987223307291666e-05
第17轮已经完成
本轮误差为0.0003952980041503906
第18轮已经完成
本轮误差为1.3987223307291666e-05
第19轮已经完成
本轮误差为9.397665659586588e-06
第20轮已经完成
本轮误差为2.9961268107096355e-05
第21轮已经完成
本轮误差为0.0004589557647705078
第22轮已经完成
本轮误差为2.9961268107096355e-05
第23轮已经完成
本轮误差为1.0371208190917969e-05
第24轮已经完成
本轮误差为4.0436784426371254e-05
第25轮已经完成
本轮误差为4.011765122413635e-05
第26轮已经完成
本轮误差为2.9961268107096355e-05
第27轮已经完成
本轮误差为7.772445678710938e-05
第28轮已经完成
本轮误差为1.3987223307291666e-05
第29轮已经完成
本轮误差为3.5484631856282554e-05
第30轮已经完成
本轮误差为5.0067901611328125e-05
第31轮已经完成
本轮误差为5.316734313964844e-05
第32轮已经完成
本轮误差为1.1046727498372396e-05
第33轮已经完成
本轮误差为3.874581307172775e-05
第34轮已经完成
本轮误差为1.533826192220052e-05
第35轮已经完成
本轮误差为5.173683166503906e-05
第36轮已经完成
本轮误差为0.0004589557647705078
第37轮已经完成
本轮误差为0.0004589557647705078
第38轮已经完成
本轮误差为2.9961268107096355e-05
第39轮已经完成
本轮误差为1.3987223307291666e-05
第40轮已经完成
本轮误差为5.1021575927734375e-05
第41轮已经完成
本轮误差为4.406335453192393e-05
第42轮已经完成
本轮误差为2.9961268107096355e-05
第43轮已经完成
本轮误差为4.9908955891927086e-05
第44轮已经完成
本轮误差为0.0001503626505533854
第45轮已经完成
本轮误差为9.397665659586588e-06
第46轮已经完成
本轮误差为9.397665659586588e-06
第47轮已经完成
本轮误差为0.0004589557647705078
第48轮已经完成
本轮误差为2.9961268107096355e-05
第49轮已经完成
本轮误差为2.9961268107096355e-05
第50轮已经完成
本轮误差为1.1046727498372396e-05
第51轮已经完成
本轮误差为3.6557515462239586e-05
第52轮已经完成
本轮误差为3.874581307172775e-05
第53轮已经完成
本轮误差为7.579832648237546e-05
第54轮已经完成
本轮误差为0.0004589557647705078
第55轮已经完成
本轮误差为3.6557515462239586e-05
第56轮已经完成
本轮误差为0.0004817644755045573
第57轮已经完成
本轮误差为5.316734313964844e-05
第58轮已经完成
本轮误差为3.377596537272135e-05
第59轮已经完成
本轮误差为0.0004817644755045573
第60轮已经完成
本轮误差为3.5484631856282554e-05
第61轮已经完成
本轮误差为3.921737273534139e-05
第62轮已经完成
本轮误差为0.00023261706034342447
第63轮已经完成
本轮误差为7.579832648237546e-05
第64轮已经完成
本轮误差为1.0371208190917969e-05
第65轮已经完成
本轮误差为0.00018024444580078125
第66轮已经完成
本轮误差为1.3987223307291666e-05
第67轮已经完成
本轮误差为2.566973368326823e-05
第68轮已经完成
本轮误差为3.874581307172775e-05
第69轮已经完成
本轮误差为4.251797993977864e-06
第70轮已经完成
本轮误差为5.539258321126302e-05
第71轮已经完成
本轮误差为1.0371208190917969e-05
第72轮已经完成
本轮误差为1.533826192220052e-05
第73轮已经完成
本轮误差为3.5921732584635414e-05
第74轮已经完成
本轮误差为3.874581307172775e-05
第75轮已经完成
本轮误差为0.0004589557647705078
第76轮已经完成
本轮误差为4.9908955891927086e-05
第77轮已经完成
本轮误差为2.566973368326823e-05
第78轮已经完成
本轮误差为5.173683166503906e-05
第79轮已经完成
本轮误差为0.0004817644755045573
第80轮已经完成
本轮误差为0.0001675089200337728
第81轮已经完成
本轮误差为5.173683166503906e-05
第82轮已经完成
本轮误差为1.533826192220052e-05
第83轮已经完成
本轮误差为2.853075663248698e-05
第84轮已经完成
本轮误差为5.7975451151529946e-05
第85轮已经完成
本轮误差为5.523363749186198e-06
第86轮已经完成
本轮误差为0.0003952980041503906
第87轮已经完成
本轮误差为0.0004589557647705078
第88轮已经完成
本轮误差为3.329912821451823e-05
第89轮已经完成
本轮误差为5.070368448893229e-05
第90轮已经完成
本轮误差为4.9908955891927086e-05
第91轮已经完成
本轮误差为1.2516975402832031e-05
第92轮已经完成
本轮误差为0.0001675089200337728
第93轮已经完成
本轮误差为5.9484814604123436e-05
第94轮已经完成
本轮误差为2.2649765014648438e-05
第95轮已经完成
本轮误差为5.173683166503906e-05
第96轮已经完成
本轮误差为0.0001675089200337728
第97轮已经完成
本轮误差为0.00018024444580078125
第98轮已经完成
本轮误差为9.397665659586588e-06
第99轮已经完成
本轮误差为1.1046727498372396e-05
第100轮已经完成
本轮误差为5.7975451151529946e-05
第101轮已经完成
本轮误差为4.251797993977864e-06
第102轮已经完成
本轮误差为1.533826192220052e-05
第103轮已经完成
本轮误差为5.1021575927734375e-05
第104轮已经完成
本轮误差为0.0003952980041503906
第105轮已经完成
本轮误差为1.533826192220052e-05
第106轮已经完成
本轮误差为7.35918680826823e-05
第107轮已经完成
本轮误差为3.5484631856282554e-05
第108轮已经完成
本轮误差为3.5484631856282554e-05
第109轮已经完成
本轮误差为5.7975451151529946e-05
第110轮已经完成
本轮误差为0.0001675089200337728
第111轮已经完成
本轮误差为9.397665659586588e-06
第112轮已经完成
本轮误差为1.3987223307291666e-05
第113轮已经完成
本轮误差为4.0436784426371254e-05
第114轮已经完成
本轮误差为3.5921732584635414e-05
第115轮已经完成
本轮误差为9.397665659586588e-06
第116轮已经完成
本轮误差为5.9484814604123436e-05
第117轮已经完成
本轮误差为0.00035444895426432293
第118轮已经完成
本轮误差为8.144478003184001e-05
第119轮已经完成
本轮误差为1.3987223307291666e-05
第120轮已经完成
本轮误差为7.35918680826823e-05
第121轮已经完成
本轮误差为2.9961268107096355e-05
第122轮已经完成
本轮误差为3.874581307172775e-05
第123轮已经完成
本轮误差为0.0001675089200337728
第124轮已经完成
本轮误差为3.874581307172775e-05
第125轮已经完成
本轮误差为2.9961268107096355e-05
第126轮已经完成
本轮误差为0.0004589557647705078
第127轮已经完成
本轮误差为5.7975451151529946e-05
第128轮已经完成
本轮误差为1.1046727498372396e-05
第129轮已经完成
本轮误差为0.0001675089200337728
第130轮已经完成
本轮误差为3.252426783243815e-05
第131轮已经完成
本轮误差为3.719329833984375e-05
第132轮已经完成
本轮误差为0.0004817644755045573
第133轮已经完成
本轮误差为4.957119623819987e-06
第134轮已经完成
本轮误差为0.0001866022745768229
第135轮已经完成
本轮误差为0.00018024444580078125
第136轮已经完成
本轮误差为3.921737273534139e-05
第137轮已经完成
本轮误差为4.9908955891927086e-05
第138轮已经完成
本轮误差为4.975575332840284e-05
第139轮已经完成
本轮误差为9.397665659586588e-06
第140轮已经完成
本轮误差为0.0001675089200337728
第141轮已经完成
本轮误差为1.8358230590820312e-05
第142轮已经完成
本轮误差为5.7975451151529946e-05
第143轮已经完成
本轮误差为0.0004589557647705078
第144轮已经完成
本轮误差为9.397665659586588e-06
第145轮已经完成
本轮误差为5.070368448893229e-05
第146轮已经完成
本轮误差为0.0004589557647705078
第147轮已经完成
本轮误差为3.5484631856282554e-05
第148轮已经完成
本轮误差为5.173683166503906e-05
第149轮已经完成
本轮误差为2.9961268107096355e-05
第150轮已经完成
本轮误差为1.1046727498372396e-05
第151轮已经完成
本轮误差为3.5921732584635414e-05
第152轮已经完成
本轮误差为2.9961268107096355e-05
第153轮已经完成
本轮误差为2.5510787963867188e-05
第154轮已经完成
本轮误差为3.874581307172775e-05
第155轮已经完成
本轮误差为5.070368448893229e-05
第156轮已经完成
本轮误差为7.772445678710938e-05
第157轮已经完成
本轮误差为0.0004589557647705078
第158轮已经完成
本轮误差为1.8358230590820312e-05
第159轮已经完成
本轮误差为3.5484631856282554e-05
第160轮已经完成
本轮误差为3.5484631856282554e-05
第161轮已经完成
本轮误差为3.921737273534139e-05
第162轮已经完成
本轮误差为8.017088597019513e-05
第163轮已经完成
本轮误差为0.0001675089200337728
第164轮已经完成
本轮误差为0.0004589557647705078
第165轮已经完成
本轮误差为0.0004589557647705078
第166轮已经完成
本轮误差为2.9961268107096355e-05
第167轮已经完成
本轮误差为5.173683166503906e-05
第168轮已经完成
本轮误差为0.0004817644755045573
第169轮已经完成
本轮误差为1.1046727498372396e-05
第170轮已经完成
本轮误差为5.070368448893229e-05
第171轮已经完成
本轮误差为5.173683166503906e-05
第172轮已经完成
本轮误差为0.0001675089200337728
第173轮已经完成
本轮误差为2.9961268107096355e-05
第174轮已经完成
本轮误差为1.5358130137125652e-05
第175轮已经完成
本轮误差为0.0001675089200337728
第176轮已经完成
本轮误差为0.0001675089200337728
第177轮已经完成
本轮误差为7.772445678710938e-05
第178轮已经完成
本轮误差为0.0004589557647705078
第179轮已经完成
本轮误差为5.7975451151529946e-05
第180轮已经完成
本轮误差为5.7975451151529946e-05
第181轮已经完成
本轮误差为1.1046727498372396e-05
第182轮已经完成
本轮误差为3.921737273534139e-05
第183轮已经完成
本轮误差为0.0003952980041503906
第184轮已经完成
本轮误差为1.3987223307291666e-05
第185轮已经完成
本轮误差为0.00018024444580078125
第186轮已经完成
本轮误差为1.1046727498372396e-05
第187轮已经完成
本轮误差为3.921737273534139e-05
第188轮已经完成
本轮误差为2.9961268107096355e-05
第189轮已经完成
本轮误差为3.874581307172775e-05
第190轮已经完成
本轮误差为0.0003952980041503906
第191轮已经完成
本轮误差为1.533826192220052e-05
第192轮已经完成
本轮误差为0.0004589557647705078
第193轮已经完成
本轮误差为2.2649765014648438e-05
第194轮已经完成
本轮误差为1.3987223307291666e-05
第195轮已经完成
本轮误差为1.533826192220052e-05
第196轮已经完成
本轮误差为9.397665659586588e-06
第197轮已经完成
本轮误差为1.3987223307291666e-05
第198轮已经完成
本轮误差为1.8358230590820312e-05
第199轮已经完成
本轮误差为1.1046727498372396e-05
第200轮已经完成
本轮误差为3.5921732584635414e-05
第201轮已经完成
本轮误差为8.175522089004517e-05
第202轮已经完成
本轮误差为3.874581307172775e-05
第203轮已经完成
本轮误差为0.0003174146016438802
第204轮已经完成
本轮误差为0.00018024444580078125
第205轮已经完成
本轮误差为9.397665659586588e-06
第206轮已经完成
本轮误差为0.0004589557647705078
第207轮已经完成
本轮误差为0.0001675089200337728
第208轮已经完成
本轮误差为1.3987223307291666e-05
第209轮已经完成
本轮误差为9.397665659586588e-06
第210轮已经完成
本轮误差为0.0004589557647705078
第211轮已经完成
本轮误差为0.0003952980041503906
第212轮已经完成
本轮误差为0.00013303756713867188
第213轮已经完成
本轮误差为3.5484631856282554e-05
第214轮已经完成
本轮误差为2.9961268107096355e-05
第215轮已经完成
本轮误差为3.5921732584635414e-05
第216轮已经完成
本轮误差为8.765856424967448e-05
第217轮已经完成
本轮误差为3.874581307172775e-05
第218轮已经完成
本轮误差为3.874581307172775e-05
第219轮已经完成
本轮误差为3.874581307172775e-05
第220轮已经完成
本轮误差为1.3987223307291666e-05
第221轮已经完成
本轮误差为0.0003952980041503906
第222轮已经完成
本轮误差为1.3987223307291666e-05
第223轮已经完成
本轮误差为4.9908955891927086e-05
第224轮已经完成
本轮误差为5.7975451151529946e-05
第225轮已经完成
本轮误差为3.874581307172775e-05
第226轮已经完成
本轮误差为1.3987223307291666e-05
第227轮已经完成
本轮误差为0.0004589557647705078
第228轮已经完成
本轮误差为9.397665659586588e-06
第229轮已经完成
本轮误差为2.9961268107096355e-05
第230轮已经完成
本轮误差为0.00018024444580078125
第231轮已经完成
本轮误差为2.9961268107096355e-05
第232轮已经完成
本轮误差为5.942614128192266e-05
第233轮已经完成
本轮误差为3.921737273534139e-05
第234轮已经完成
本轮误差为1.8477439880371094e-05
第235轮已经完成
本轮误差为1.3987223307291666e-05
第236轮已经完成
本轮误差为3.874581307172775e-05
第237轮已经完成
本轮误差为0.0004091278339425723
第238轮已经完成
本轮误差为4.9908955891927086e-05
第239轮已经完成
本轮误差为0.0004817644755045573
第240轮已经完成
本轮误差为2.9047330220540363e-05
第241轮已经完成
本轮误差为3.5484631856282554e-05
第242轮已经完成
本轮误差为5.7975451151529946e-05
第243轮已经完成
本轮误差为9.397665659586588e-06
第244轮已经完成
本轮误差为3.5484631856282554e-05
第245轮已经完成
本轮误差为0.00015461320678393045
第246轮已经完成
本轮误差为4.251797993977864e-06
第247轮已经完成
本轮误差为5.7975451151529946e-05
第248轮已经完成
本轮误差为0.0003952980041503906
第249轮已经完成
本轮误差为2.9961268107096355e-05
第250轮已经完成
本轮误差为5.030632019042969e-05
第251轮已经完成
本轮误差为0.0003952980041503906
第252轮已经完成
本轮误差为2.9961268107096355e-05
第253轮已经完成
本轮误差为3.5484631856282554e-05
第254轮已经完成
本轮误差为5.030632019042969e-05
第255轮已经完成
本轮误差为3.5484631856282554e-05
第256轮已经完成
本轮误差为5.626678466796875e-05
第257轮已经完成
本轮误差为3.874581307172775e-05
第258轮已经完成
本轮误差为3.164013226826986e-05
第259轮已经完成
本轮误差为8.487701416015625e-05
第260轮已经完成
本轮误差为5.137547850608826e-05
第261轮已经完成
本轮误差为9.397665659586588e-06
第262轮已经完成
本轮误差为5.478660265604655e-05
第263轮已经完成
本轮误差为0.0004817644755045573
第264轮已经完成
本轮误差为1.88748041788737e-05
第265轮已经完成
本轮误差为5.173683166503906e-05
第266轮已经完成
本轮误差为2.9961268107096355e-05
第267轮已经完成
本轮误差为9.397665659586588e-06
第268轮已经完成
本轮误差为1.8358230590820312e-05
第269轮已经完成
本轮误差为1.1046727498372396e-05
第270轮已经完成
本轮误差为3.5921732584635414e-05
第271轮已经完成
本轮误差为4.903475443522135e-05
第272轮已经完成
本轮误差为3.5484631856282554e-05
第273轮已经完成
本轮误差为0.0004817644755045573
第274轮已经完成
本轮误差为3.921737273534139e-05
第275轮已经完成
本轮误差为3.5921732584635414e-05
第276轮已经完成
本轮误差为2.9961268107096355e-05
第277轮已经完成
本轮误差为5.070368448893229e-05
第278轮已经完成
本轮误差为1.919269561767578e-05
第279轮已经完成
本轮误差为5.4041544596354164e-05
第280轮已经完成
本轮误差为1.8358230590820312e-05
第281轮已经完成
本轮误差为3.6844052374362946e-05
第282轮已经完成
本轮误差为2.9961268107096355e-05
第283轮已经完成
本轮误差为1.3987223307291666e-05
第284轮已经完成
本轮误差为6.26718004544576e-05
第285轮已经完成
本轮误差为1.3987223307291666e-05
第286轮已经完成
本轮误差为3.874581307172775e-05
第287轮已经完成
本轮误差为1.3987223307291666e-05
第288轮已经完成
本轮误差为5.070368448893229e-05
第289轮已经完成
本轮误差为3.874581307172775e-05
第290轮已经完成
本轮误差为1.533826192220052e-05
第291轮已经完成
本轮误差为3.874581307172775e-05
第292轮已经完成
本轮误差为3.874581307172775e-05
第293轮已经完成
本轮误差为3.252426783243815e-05
第294轮已经完成
本轮误差为3.5484631856282554e-05
第295轮已经完成
本轮误差为0.0004317760467529297
第296轮已经完成
本轮误差为2.9961268107096355e-05
第297轮已经完成
本轮误差为1.1046727498372396e-05
第298轮已经完成
本轮误差为2.9961268107096355e-05
第299轮已经完成
本轮误差为0.00040038426717122394
第300轮已经完成
本轮误差为1.8298625946044922e-05
第301轮已经完成
本轮误差为3.921737273534139e-05
第302轮已经完成
本轮误差为5.070368448893229e-05
第303轮已经完成
本轮误差为0.0001675089200337728
第304轮已经完成
本轮误差为9.874502817789713e-06
第305轮已经完成
本轮误差为0.0004589557647705078
第306轮已经完成
本轮误差为3.921737273534139e-05
第307轮已经完成
本轮误差为0.0004589557647705078
第308轮已经完成
本轮误差为4.251797993977864e-06
第309轮已经完成
本轮误差为0.0004589557647705078
第310轮已经完成
本轮误差为1.8278757731119793e-05
第311轮已经完成
本轮误差为0.0004589557647705078
第312轮已经完成
本轮误差为1.8358230590820312e-05
第313轮已经完成
本轮误差为0.00013458232084910074
第314轮已经完成
本轮误差为0.0004589557647705078
第315轮已经完成
本轮误差为0.0004589557647705078
第316轮已经完成
本轮误差为3.5484631856282554e-05
第317轮已经完成
本轮误差为1.1742115020751953e-05
第318轮已经完成
本轮误差为9.397665659586588e-06
第319轮已经完成
本轮误差为3.5484631856282554e-05
第320轮已经完成
本轮误差为3.5484631856282554e-05
第321轮已经完成
本轮误差为3.5921732584635414e-05
第322轮已经完成
本轮误差为3.921737273534139e-05
第323轮已经完成
本轮误差为4.406335453192393e-05
第324轮已经完成
本轮误差为0.0004589557647705078
第325轮已经完成
本轮误差为3.921737273534139e-05
第326轮已经完成
本轮误差为3.5484631856282554e-05
第327轮已经完成
本轮误差为5.070368448893229e-05
第328轮已经完成
本轮误差为3.874581307172775e-05
第329轮已经完成
本轮误差为0.0004589557647705078
第330轮已经完成
本轮误差为0.0004589557647705078
第331轮已经完成
本轮误差为9.028116861979167e-05
第332轮已经完成
本轮误差为3.5484631856282554e-05
第333轮已经完成
本轮误差为1.5437602996826172e-05
第334轮已经完成
本轮误差为2.9961268107096355e-05
第335轮已经完成
本轮误差为2.9961268107096355e-05
第336轮已经完成
本轮误差为1.533826192220052e-05
第337轮已经完成
本轮误差为0.00015461320678393045
第338轮已经完成
本轮误差为1.1046727498372396e-05
第339轮已经完成
本轮误差为0.0004589557647705078
第340轮已经完成
本轮误差为3.5484631856282554e-05
第341轮已经完成
本轮误差为3.921737273534139e-05
第342轮已经完成
本轮误差为3.5484631856282554e-05
第343轮已经完成
本轮误差为0.0004589557647705078
第344轮已经完成
本轮误差为9.397665659586588e-06
第345轮已经完成
本轮误差为3.874581307172775e-05
第346轮已经完成
本轮误差为9.397665659586588e-06
第347轮已经完成
本轮误差为5.245208740234375e-05
第348轮已经完成
本轮误差为3.874581307172775e-05
第349轮已经完成
本轮误差为5.070368448893229e-05
第350轮已经完成
本轮误差为9.397665659586588e-06
第351轮已经完成
本轮误差为9.397665659586588e-06
第352轮已经完成
本轮误差为1.1046727498372396e-05
第353轮已经完成
本轮误差为2.9961268107096355e-05
第354轮已经完成
本轮误差为0.0004589557647705078
第355轮已经完成
本轮误差为3.5921732584635414e-05
第356轮已经完成
本轮误差为5.173683166503906e-05
第357轮已经完成
本轮误差为5.953138073285421e-05
第358轮已经完成
本轮误差为3.874581307172775e-05
第359轮已经完成
本轮误差为0.0004589557647705078
第360轮已经完成
本轮误差为7.772445678710938e-05
第361轮已经完成
本轮误差为1.3987223307291666e-05
第362轮已经完成
本轮误差为3.5484631856282554e-05
第363轮已经完成
本轮误差为1.1046727498372396e-05
第364轮已经完成
本轮误差为0.0006739298502604166
第365轮已经完成
本轮误差为8.382399876912434e-05
第366轮已经完成
本轮误差为9.397665659586588e-06
第367轮已经完成
本轮误差为3.921737273534139e-05
第368轮已经完成
本轮误差为3.874581307172775e-05
第369轮已经完成
本轮误差为0.0004817644755045573
第370轮已经完成
本轮误差为9.397665659586588e-06
第371轮已经完成
本轮误差为9.397665659586588e-06
第372轮已经完成
本轮误差为2.9961268107096355e-05
第373轮已经完成
本轮误差为0.0004589557647705078
第374轮已经完成
本轮误差为0.0004589557647705078
第375轮已经完成
本轮误差为5.547205607096354e-05
第376轮已经完成
本轮误差为4.8319498697916664e-05
第377轮已经完成
本轮误差为3.5484631856282554e-05
第378轮已经完成
本轮误差为5.070368448893229e-05
第379轮已经完成
本轮误差为9.397665659586588e-06
第380轮已经完成
本轮误差为1.8358230590820312e-05
第381轮已经完成
本轮误差为1.8358230590820312e-05
第382轮已经完成
本轮误差为6.842613220214844e-05
第383轮已经完成
本轮误差为0.0004817644755045573
第384轮已经完成
本轮误差为9.822845458984375e-05
第385轮已经完成
本轮误差为3.921737273534139e-05
第386轮已经完成
本轮误差为0.0004817644755045573
第387轮已经完成
本轮误差为1.1046727498372396e-05
第388轮已经完成
本轮误差为3.5484631856282554e-05
第389轮已经完成
本轮误差为1.533826192220052e-05
第390轮已经完成
本轮误差为0.0001675089200337728
第391轮已经完成
本轮误差为3.921737273534139e-05
第392轮已经完成
本轮误差为2.6384989420572918e-05
第393轮已经完成
本轮误差为0.0004589557647705078
第394轮已经完成
本轮误差为5.030632019042969e-05
第395轮已经完成
本轮误差为2.3206075032552082e-05
第396轮已经完成
本轮误差为3.921737273534139e-05
第397轮已经完成
本轮误差为9.397665659586588e-06
第398轮已经完成
本轮误差为1.8358230590820312e-05
第399轮已经完成
本轮误差为1.3987223307291666e-05
第400轮已经完成
本轮误差为8.222957452138265e-05
第401轮已经完成
本轮误差为3.5921732584635414e-05
第402轮已经完成
本轮误差为5.384286244710286e-06
第403轮已经完成
本轮误差为9.397665659586588e-06
第404轮已经完成
本轮误差为0.0004589557647705078
第405轮已经完成
本轮误差为9.397665659586588e-06
第406轮已经完成
本轮误差为1.8477439880371094e-05
第407轮已经完成
本轮误差为3.5484631856282554e-05
第408轮已经完成
本轮误差为0.00038925806681315106
第409轮已经完成
本轮误差为2.9961268107096355e-05
第410轮已经完成
本轮误差为1.3987223307291666e-05
第411轮已经完成
本轮误差为0.0004589557647705078
第412轮已经完成
本轮误差为3.5484631856282554e-05
第413轮已经完成
本轮误差为9.397665659586588e-06
第414轮已经完成
本轮误差为1.1046727498372396e-05
第415轮已经完成
本轮误差为0.00024739901224772137
第416轮已经完成
本轮误差为9.397665659586588e-06
第417轮已经完成
本轮误差为0.0004817644755045573
第418轮已经完成
本轮误差为4.961776236693064e-05
第419轮已经完成
本轮误差为5.070368448893229e-05
第420轮已经完成
本轮误差为0.0004589557647705078
第421轮已经完成
本轮误差为1.8358230590820312e-05
第422轮已经完成
本轮误差为3.921737273534139e-05
第423轮已经完成
本轮误差为0.0004589557647705078
第424轮已经完成
本轮误差为1.1046727498372396e-05
第425轮已经完成
本轮误差为3.5921732584635414e-05
第426轮已经完成
本轮误差为0.0004589557647705078
第427轮已经完成
本轮误差为1.3987223307291666e-05
第428轮已经完成
本轮误差为3.921737273534139e-05
第429轮已经完成
本轮误差为1.8358230590820312e-05
第430轮已经完成
本轮误差为2.9961268107096355e-05
第431轮已经完成
本轮误差为3.921737273534139e-05
第432轮已经完成
本轮误差为0.00010673205057779948
第433轮已经完成
本轮误差为3.921737273534139e-05
第434轮已经完成
本轮误差为1.1046727498372396e-05
第435轮已经完成
本轮误差为3.874581307172775e-05
第436轮已经完成
本轮误差为0.0004817644755045573
第437轮已经完成
本轮误差为3.874581307172775e-05
第438轮已经完成
本轮误差为2.9961268107096355e-05
第439轮已经完成
本轮误差为1.3987223307291666e-05
第440轮已经完成
本轮误差为0.0004589557647705078
第441轮已经完成
本轮误差为0.0004817644755045573
第442轮已经完成
本轮误差为3.568331400553385e-05
第443轮已经完成
本轮误差为1.1046727498372396e-05
第444轮已经完成
本轮误差为9.397665659586588e-06
第445轮已经完成
本轮误差为5.7538350423177086e-05
第446轮已经完成
本轮误差为0.0004817644755045573
第447轮已经完成
本轮误差为5.070368448893229e-05
第448轮已经完成
本轮误差为0.0003952980041503906
第449轮已经完成
本轮误差为1.8358230590820312e-05
第450轮已经完成
本轮误差为0.0004817644755045573
第451轮已经完成
本轮误差为3.921737273534139e-05
第452轮已经完成
本轮误差为1.1861324310302734e-05
第453轮已经完成
本轮误差为0.0004589557647705078
第454轮已经完成
本轮误差为5.070368448893229e-05
第455轮已经完成
本轮误差为4.043740530808767e-05
第456轮已经完成
本轮误差为2.9961268107096355e-05
第457轮已经完成
本轮误差为3.5921732584635414e-05
第458轮已经完成
本轮误差为3.5921732584635414e-05
第459轮已经完成
本轮误差为1.8278757731119793e-05
第460轮已经完成
本轮误差为1.1046727498372396e-05
第461轮已经完成
本轮误差为0.0004817644755045573
第462轮已经完成
本轮误差为3.921737273534139e-05
第463轮已经完成
本轮误差为0.0004817644755045573
第464轮已经完成
本轮误差为1.8358230590820312e-05
第465轮已经完成
本轮误差为2.9961268107096355e-05
第466轮已经完成
本轮误差为4.589557647705078e-06
第467轮已经完成
本轮误差为3.874581307172775e-05
第468轮已经完成
本轮误差为5.9484814604123436e-05
第469轮已经完成
本轮误差为0.00015461320678393045
第470轮已经完成
本轮误差为1.1046727498372396e-05
第471轮已经完成
本轮误差为0.0004817644755045573
第472轮已经完成
本轮误差为1.8358230590820312e-05
第473轮已经完成
本轮误差为9.397665659586588e-06
第474轮已经完成
本轮误差为5.316734313964844e-05
第475轮已经完成
本轮误差为3.5921732584635414e-05
第476轮已经完成
本轮误差为1.5358130137125652e-05
第477轮已经完成
本轮误差为1.3987223307291666e-05
第478轮已经完成
本轮误差为3.921737273534139e-05
第479轮已经完成
本轮误差为1.1046727498372396e-05
第480轮已经完成
本轮误差为0.0004817644755045573
第481轮已经完成
本轮误差为5.070368448893229e-05
第482轮已经完成
本轮误差为0.00018024444580078125
第483轮已经完成
本轮误差为0.00014166906476020813
第484轮已经完成
本轮误差为5.4995218912760414e-05
第485轮已经完成
本轮误差为0.0004817644755045573
第486轮已经完成
本轮误差为1.1046727498372396e-05
第487轮已经完成
本轮误差为0.00038925806681315106
第488轮已经完成
本轮误差为3.5921732584635414e-05
第489轮已经完成
本轮误差为9.397665659586588e-06
第490轮已经完成
本轮误差为5.070368448893229e-05
第491轮已经完成
本轮误差为3.5921732584635414e-05
第492轮已经完成
本轮误差为5.070368448893229e-05
第493轮已经完成
本轮误差为5.070368448893229e-05
第494轮已经完成
本轮误差为1.8358230590820312e-05
第495轮已经完成
本轮误差为1.3987223307291666e-05
第496轮已经完成
本轮误差为5.7220458984375e-05
第497轮已经完成
本轮误差为3.5484631856282554e-05
第498轮已经完成
本轮误差为5.729993184407552e-05
第499轮已经完成
本轮误差为1.1046727498372396e-05
第500轮已经完成
本轮误差为1.8358230590820312e-05
第501轮已经完成
本轮误差为4.0436784426371254e-05
第502轮已经完成
本轮误差为4.00543212890625e-05
第503轮已经完成
本轮误差为3.5921732584635414e-05
第504轮已经完成
本轮误差为2.9961268107096355e-05
第505轮已经完成
本轮误差为3.874581307172775e-05
第506轮已经完成
本轮误差为1.3987223307291666e-05
第507轮已经完成
本轮误差为4.7206878662109375e-05
第508轮已经完成
本轮误差为3.5484631856282554e-05
第509轮已经完成
本轮误差为3.5921732584635414e-05
第510轮已经完成
本轮误差为3.921737273534139e-05
第511轮已经完成
本轮误差为1.1046727498372396e-05
第512轮已经完成
本轮误差为1.8358230590820312e-05
第513轮已经完成
本轮误差为1.8358230590820312e-05
第514轮已经完成
本轮误差为3.5921732584635414e-05
第515轮已经完成
本轮误差为0.0004817644755045573
第516轮已经完成
本轮误差为1.1046727498372396e-05
第517轮已经完成
本轮误差为9.397665659586588e-06
第518轮已经完成
本轮误差为1.1046727498372396e-05
第519轮已经完成
本轮误差为1.1046727498372396e-05
第520轮已经完成
本轮误差为1.3987223307291666e-05
第521轮已经完成
本轮误差为0.0004817644755045573
第522轮已经完成
本轮误差为0.0004817644755045573
第523轮已经完成
本轮误差为1.9629796346028645e-05
第524轮已经完成
本轮误差为3.5921732584635414e-05
第525轮已经完成
本轮误差为5.3981939951578774e-05
第526轮已经完成
本轮误差为1.8358230590820312e-05
第527轮已经完成
本轮误差为1.1046727498372396e-05
第528轮已经完成
本轮误差为1.1046727498372396e-05
第529轮已经完成
本轮误差为3.5921732584635414e-05
第530轮已经完成
本轮误差为1.8358230590820312e-05
第531轮已经完成
本轮误差为1.8358230590820312e-05
第532轮已经完成
本轮误差为1.1046727498372396e-05
第533轮已经完成
本轮误差为3.874581307172775e-05
第534轮已经完成
本轮误差为3.5921732584635414e-05
第535轮已经完成
本轮误差为3.5921732584635414e-05
第536轮已经完成
本轮误差为6.508827209472656e-05
第537轮已经完成
本轮误差为5.1816304524739586e-05
第538轮已经完成
本轮误差为1.1046727498372396e-05
第539轮已经完成
本轮误差为1.4742215474446615e-05
第540轮已经完成
本轮误差为9.397665659586588e-06
第541轮已经完成
本轮误差为4.4405460357666016e-06
第542轮已经完成
本轮误差为3.568331400553385e-05
第543轮已经完成
本轮误差为2.376238505045573e-05
第544轮已经完成
本轮误差为5.070368448893229e-05
第545轮已经完成
本轮误差为3.5921732584635414e-05
第546轮已经完成
本轮误差为3.5484631856282554e-05
第547轮已经完成
本轮误差为1.1046727498372396e-05
第548轮已经完成
本轮误差为4.4405460357666016e-06
第549轮已经完成
本轮误差为0.00010585784912109375
第550轮已经完成
本轮误差为1.6053517659505207e-05
第551轮已经完成
本轮误差为0.0004589557647705078
第552轮已经完成
本轮误差为3.5921732584635414e-05
第553轮已经完成
本轮误差为1.1046727498372396e-05
第554轮已经完成
本轮误差为1.531839370727539e-05
第555轮已经完成
本轮误差为0.00018024444580078125
第556轮已经完成
本轮误差为1.1046727498372396e-05
第557轮已经完成
本轮误差为3.5921732584635414e-05
第558轮已经完成
本轮误差为1.8358230590820312e-05
第559轮已经完成
本轮误差为1.1046727498372396e-05
第560轮已经完成
本轮误差为3.5484631856282554e-05
第561轮已经完成
本轮误差为5.070368448893229e-05
第562轮已经完成
本轮误差为5.4995218912760414e-05
第563轮已经完成
本轮误差为0.000364383061726888
第564轮已经完成
本轮误差为0.00010286768277486165
第565轮已经完成
本轮误差为0.0004927317301432291
第566轮已经完成
本轮误差为0.0003935496012369792
第567轮已经完成
本轮误差为0.00011524309714635213
第568轮已经完成
本轮误差为4.969832176963488e-05
第569轮已经完成
本轮误差为9.397665659586588e-06
第570轮已经完成
本轮误差为5.896886189778646e-05
第571轮已经完成
本轮误差为9.397665659586588e-06
第572轮已经完成
本轮误差为3.921737273534139e-05
第573轮已经完成
本轮误差为2.9961268107096355e-05
第574轮已经完成
本轮误差为1.1046727498372396e-05
第575轮已经完成
本轮误差为3.921737273534139e-05
第576轮已经完成
本轮误差为3.5921732584635414e-05
第577轮已经完成
本轮误差为0.00010585784912109375
第578轮已经完成
本轮误差为3.365675608317057e-05
第579轮已经完成
本轮误差为3.921737273534139e-05
第580轮已经完成
本轮误差为1.8358230590820312e-05
第581轮已经完成
本轮误差为2.4199485778808594e-05
第582轮已经完成
本轮误差为3.921737273534139e-05
第583轮已经完成
本轮误差为0.0002993643283843994
第584轮已经完成
本轮误差为0.0004817644755045573
第585轮已经完成
本轮误差为5.070368448893229e-05
第586轮已经完成
本轮误差为3.5921732584635414e-05
第587轮已经完成
本轮误差为3.5921732584635414e-05
第588轮已经完成
本轮误差为2.9961268107096355e-05
第589轮已经完成
本轮误差为1.8358230590820312e-05
第590轮已经完成
本轮误差为1.1046727498372396e-05
第591轮已经完成
本轮误差为0.0004817644755045573
第592轮已经完成
本轮误差为0.0004817644755045573
第593轮已经完成
本轮误差为4.3233235677083336e-05
第594轮已经完成
本轮误差为5.229314168294271e-05
第595轮已经完成
本轮误差为3.5921732584635414e-05
第596轮已经完成
本轮误差为1.8358230590820312e-05
第597轮已经完成
本轮误差为0.0004817644755045573
第598轮已经完成
本轮误差为1.8358230590820312e-05
第599轮已经完成
本轮误差为3.5484631856282554e-05
第600轮已经完成
本轮误差为0.00015835960706075033
第601轮已经完成
本轮误差为3.874581307172775e-05
第602轮已经完成
本轮误差为0.0004817644755045573
第603轮已经完成
本轮误差为3.921737273534139e-05
第604轮已经完成
本轮误差为3.874581307172775e-05
第605轮已经完成
本轮误差为0.0004589557647705078
第606轮已经完成
本轮误差为5.070368448893229e-05
第607轮已经完成
本轮误差为0.0004817644755045573
第608轮已经完成
本轮误差为0.00020893911520640054
第609轮已经完成
本轮误差为0.00015461320678393045
第610轮已经完成
本轮误差为3.921737273534139e-05
第611轮已经完成
本轮误差为4.784266153971354e-05
第612轮已经完成
本轮误差为0.0004817644755045573
第613轮已经完成
本轮误差为1.1046727498372396e-05
第614轮已经完成
本轮误差为0.0006940942257642746
第615轮已经完成
本轮误差为6.164585162575047e-05
第616轮已经完成
本轮误差为4.824002583821615e-05
第617轮已经完成
本轮误差为1.8358230590820312e-05
第618轮已经完成
本轮误差为3.921737273534139e-05
第619轮已经完成
本轮误差为0.0004817644755045573
第620轮已经完成
本轮误差为3.921737273534139e-05
第621轮已经完成
本轮误差为3.921737273534139e-05
第622轮已经完成
本轮误差为0.0004927317301432291
第623轮已经完成
本轮误差为1.8358230590820312e-05
第624轮已经完成
本轮误差为3.874581307172775e-05
第625轮已经完成
本轮误差为1.3987223307291666e-05
第626轮已经完成
本轮误差为0.0004817644755045573
第627轮已经完成
本轮误差为0.0003268718719482422
第628轮已经完成
本轮误差为1.1046727498372396e-05
第629轮已经完成
本轮误差为1.3987223307291666e-05
第630轮已经完成
本轮误差为0.0004589557647705078
第631轮已经完成
本轮误差为1.3987223307291666e-05
第632轮已经完成
本轮误差为1.1046727498372396e-05
第633轮已经完成
本轮误差为1.1046727498372396e-05
第634轮已经完成
本轮误差为5.070368448893229e-05
第635轮已经完成
本轮误差为1.8358230590820312e-05
第636轮已经完成
本轮误差为2.9961268107096355e-05
第637轮已经完成
本轮误差为0.00026869432379802066
第638轮已经完成
本轮误差为3.908077875773112e-05
第639轮已经完成
本轮误差为2.9325485229492188e-05
第640轮已经完成
本轮误差为0.0003935496012369792
第641轮已经完成
本轮误差为1.8358230590820312e-05
第642轮已经完成
本轮误差为0.0003935496012369792
第643轮已经完成
本轮误差为3.921737273534139e-05
第644轮已经完成
本轮误差为0.0004589557647705078
第645轮已经完成
本轮误差为3.921737273534139e-05
第646轮已经完成
本轮误差为3.5921732584635414e-05
第647轮已经完成
本轮误差为6.246566772460938e-05
第648轮已经完成
本轮误差为2.6305516560872395e-05
第649轮已经完成
本轮误差为0.0004981248639523983
第650轮已经完成
本轮误差为1.1046727498372396e-05
第651轮已经完成
本轮误差为1.1046727498372396e-05
第652轮已经完成
本轮误差为6.246566772460938e-05
第653轮已经完成
本轮误差为6.508827209472656e-05
第654轮已经完成
本轮误差为3.874581307172775e-05
第655轮已经完成
本轮误差为0.00048089027404785156
第656轮已经完成
本轮误差为3.874581307172775e-05
第657轮已经完成
本轮误差为3.5921732584635414e-05
第658轮已经完成
本轮误差为0.0004817644755045573
第659轮已经完成
本轮误差为0.0004817644755045573
第660轮已经完成
本轮误差为1.1046727498372396e-05
第661轮已经完成
本轮误差为1.529852549235026e-05
第662轮已经完成
本轮误差为0.0013589197769761086
第663轮已经完成
本轮误差为0.0003935496012369792
第664轮已经完成
本轮误差为3.921737273534139e-05
第665轮已经完成
本轮误差为0.0004956035409122705
第666轮已经完成
本轮误差为1.3987223307291666e-05
第667轮已经完成
本轮误差为3.5921732584635414e-05
第668轮已经完成
本轮误差为2.2451082865397137e-05
第669轮已经完成
本轮误差为1.1046727498372396e-05
第670轮已经完成
本轮误差为5.070368448893229e-05
第671轮已经完成
本轮误差为2.8212865193684895e-05
第672轮已经完成
本轮误差为3.5921732584635414e-05
第673轮已经完成
本轮误差为5.070368448893229e-05
第674轮已经完成
本轮误差为5.070368448893229e-05
第675轮已经完成
本轮误差为3.921737273534139e-05
第676轮已经完成
本轮误差为0.00011911181112130483
第677轮已经完成
本轮误差为5.173683166503906e-05
第678轮已经完成
本轮误差为2.3206075032552082e-05
第679轮已经完成
本轮误差为0.0004817644755045573
第680轮已经完成
本轮误差为3.921737273534139e-05
第681轮已经完成
本轮误差为0.0004817644755045573
第682轮已经完成
本轮误差为5.427996317545573e-05
第683轮已经完成
本轮误差为0.00013073285420735678
第684轮已经完成
本轮误差为0.0013678258595367272
第685轮已经完成
本轮误差为5.928675333658854e-05
第686轮已经完成
本轮误差为0.0013704208346704643
第687轮已经完成
本轮误差为0.00016051530838012695
第688轮已经完成
本轮误差为8.415182431538899e-05
第689轮已经完成
本轮误差为3.921737273534139e-05
第690轮已经完成
本轮误差为5.420049031575521e-05
第691轮已经完成
本轮误差为0.0004956035409122705
第692轮已经完成
本轮误差为0.0004927317301432291
第693轮已经完成
本轮误差为1.1046727498372396e-05
第694轮已经完成
本轮误差为0.0002692936298747857
第695轮已经完成
本轮误差为2.9181440671284992e-05
第696轮已经完成
本轮误差为0.0013678258595367272
第697轮已经完成
本轮误差为0.00015835960706075033
第698轮已经完成
本轮误差为0.0004817644755045573
第699轮已经完成
本轮误差为0.0004927317301432291
第700轮已经完成
本轮误差为0.0004589557647705078
第701轮已经完成
本轮误差为0.0003935496012369792
第702轮已经完成
本轮误差为4.2557716369628906e-05
第703轮已经完成
本轮误差为3.5921732584635414e-05
第704轮已经完成
本轮误差为5.1816304524739586e-05
第705轮已经完成
本轮误差为0.0004817644755045573
第706轮已经完成
本轮误差为0.00010673205057779948
第707轮已经完成
本轮误差为3.5921732584635414e-05
第708轮已经完成
本轮误差为0.00017366313841193914
第709轮已经完成
本轮误差为0.00017801920572916666
第710轮已经完成
本轮误差为0.0004817644755045573
第711轮已经完成
本轮误差为5.070368448893229e-05
第712轮已经完成
本轮误差为1.1046727498372396e-05
第713轮已经完成
本轮误差为1.1046727498372396e-05
第714轮已经完成
本轮误差为3.961722056070963e-05
第715轮已经完成
本轮误差为0.0004817644755045573
第716轮已经完成
本轮误差为0.0004817644755045573
第717轮已经完成
本轮误差为0.00015785048405329385
第718轮已经完成
本轮误差为5.070368448893229e-05
第719轮已经完成
本轮误差为0.00015835960706075033
第720轮已经完成
本轮误差为3.874581307172775e-05
第721轮已经完成
本轮误差为4.716714223225912e-05
第722轮已经完成
本轮误差为2.086162567138672e-05
第723轮已经完成
本轮误差为1.1046727498372396e-05
第724轮已经完成
本轮误差为1.8358230590820312e-05
第725轮已经完成
本轮误差为0.0013704208346704643
第726轮已经完成
本轮误差为9.614881128072739e-05
第727轮已经完成
本轮误差为1.531839370727539e-05
第728轮已经完成
本轮误差为0.00019092361132303873
第729轮已经完成
本轮误差为0.0013678258595367272
第730轮已经完成
本轮误差为0.0004817644755045573
第731轮已经完成
本轮误差为8.766353130340576e-05
第732轮已经完成
本轮误差为5.070368448893229e-05
第733轮已经完成
本轮误差为5.070368448893229e-05
第734轮已经完成
本轮误差为8.661796649297078e-05
第735轮已经完成
本轮误差为1.1046727498372396e-05
第736轮已经完成
本轮误差为4.3114026387532554e-05
第737轮已经完成
本轮误差为3.5484631856282554e-05
第738轮已经完成
本轮误差为0.0013678258595367272
第739轮已经完成
本轮误差为0.0004914502302805582
第740轮已经完成
本轮误差为2.280871073404948e-05
第741轮已经完成
本轮误差为1.8358230590820312e-05
第742轮已经完成
本轮误差为8.766353130340576e-05
第743轮已经完成
本轮误差为0.00015835960706075033
第744轮已经完成
本轮误差为0.0004817644755045573
第745轮已经完成
本轮误差为8.661796649297078e-05
第746轮已经完成
本轮误差为1.8358230590820312e-05
第747轮已经完成
本轮误差为4.6094258626302086e-05
第748轮已经完成
本轮误差为5.070368448893229e-05
第749轮已经完成
本轮误差为3.5921732584635414e-05
第750轮已经完成
本轮误差为4.3141345183054604e-05
第751轮已经完成
本轮误差为0.00026869432379802066
第752轮已经完成
本轮误差为0.00015482430656750998
第753轮已经完成
本轮误差为0.0004817644755045573
第754轮已经完成
本轮误差为0.0005769883282482624
第755轮已经完成
本轮误差为3.921737273534139e-05
第756轮已经完成
本轮误差为0.00011072804530461629
第757轮已经完成
本轮误差为7.955729961395264e-05
第758轮已经完成
本轮误差为8.661796649297078e-05
第759轮已经完成
本轮误差为5.030632019042969e-05
第760轮已经完成
本轮误差为8.707462499539058e-05
第761轮已经完成
本轮误差为0.00017481607695420584
第762轮已经完成
本轮误差为4.3114026387532554e-05
第763轮已经完成
本轮误差为3.252426783243815e-05
第764轮已经完成
本轮误差为0.00042629241943359375
第765轮已经完成
本轮误差为0.00011294086774190266
第766轮已经完成
本轮误差为0.0001262635923922062
第767轮已经完成
本轮误差为1.1046727498372396e-05
第768轮已经完成
本轮误差为1.8477439880371094e-05
第769轮已经完成
本轮误差为0.0004589557647705078
第770轮已经完成
本轮误差为3.921737273534139e-05
第771轮已经完成
本轮误差为0.00015835960706075033
第772轮已经完成
本轮误差为0.0004817644755045573
第773轮已经完成
本轮误差为1.1046727498372396e-05
第774轮已经完成
本轮误差为8.766353130340576e-05
第775轮已经完成
本轮误差为0.0004981774060676495
第776轮已经完成
本轮误差为0.00016649564107259115
第777轮已经完成
本轮误差为3.921737273534139e-05
第778轮已经完成
本轮误差为9.397665659586588e-06
第779轮已经完成
本轮误差为4.3141345183054604e-05
第780轮已经完成
本轮误差为7.104873657226562e-05
第781轮已经完成
本轮误差为0.0001756443331638972
第782轮已经完成
本轮误差为5.070368448893229e-05
第783轮已经完成
本轮误差为0.00023609710236390433
第784轮已经完成
本轮误差为4.8319498697916664e-05
第785轮已经完成
本轮误差为1.1046727498372396e-05
第786轮已经完成
本轮误差为0.0019861732920010886
第787轮已经完成
本轮误差为0.0004981248639523983
第788轮已经完成
本轮误差为1.8358230590820312e-05
第789轮已经完成
本轮误差为0.00021576229482889175
第790轮已经完成
本轮误差为0.00017481607695420584
第791轮已经完成
本轮误差为3.921737273534139e-05
第792轮已经完成
本轮误差为0.001361323210100333
第793轮已经完成
本轮误差为2.197424570719401e-05
第794轮已经完成
本轮误差为0.0004927261422077814
第795轮已经完成
本轮误差为1.1046727498372396e-05
第796轮已经完成
本轮误差为0.0004981774060676495
第797轮已经完成
本轮误差为3.961722056070963e-05
第798轮已经完成
本轮误差为3.759066263834635e-05
第799轮已经完成
本轮误差为0.0004589557647705078
第800轮已经完成
本轮误差为1.1046727498372396e-05
第801轮已经完成
本轮误差为0.0004981248639523983
第802轮已经完成
本轮误差为0.0004981248639523983
第803轮已经完成
本轮误差为0.00016051530838012695
第804轮已经完成
本轮误差为4.6352545420328774e-05
第805轮已经完成
本轮误差为0.00017488375306129456
第806轮已经完成
本轮误差为0.0004589557647705078
第807轮已经完成
本轮误差为0.0001756443331638972
第808轮已经完成
本轮误差为1.1046727498372396e-05
第809轮已经完成
本轮误差为0.0018747523427009583
第810轮已经完成
本轮误差为1.5358130137125652e-05
第811轮已经完成
本轮误差为1.8358230590820312e-05
第812轮已经完成
本轮误差为1.5437602996826172e-05
第813轮已经完成
本轮误差为3.870328267415365e-05
第814轮已经完成
本轮误差为7.335593303044637e-05
第815轮已经完成
本轮误差为0.00017366313841193914
第816轮已经完成
本轮误差为0.00014511744181315103
第817轮已经完成
本轮误差为0.0004981248639523983
第818轮已经完成
本轮误差为0.0004817644755045573
第819轮已经完成
本轮误差为0.0004992641819020113
第820轮已经完成
本轮误差为0.0007021650671958923
第821轮已经完成
本轮误差为9.624163309733073e-05
第822轮已经完成
本轮误差为0.00010744730631510417
第823轮已经完成
本轮误差为2.2451082865397137e-05
第824轮已经完成
本轮误差为0.00017366313841193914
第825轮已经完成
本轮误差为8.086363474527995e-05
第826轮已经完成
本轮误差为0.00017801920572916666
第827轮已经完成
本轮误差为0.001965890328089396
第828轮已经完成
本轮误差为0.0006332029588520527
第829轮已经完成
本轮误差为7.042335346341133e-05
第830轮已经完成
本轮误差为0.00016667445500691733
第831轮已经完成
本轮误差为0.002544840176900228
第832轮已经完成
本轮误差为0.0003935496012369792
第833轮已经完成
本轮误差为5.070368448893229e-05
第834轮已经完成
本轮误差为0.00048687805732091266
第835轮已经完成
本轮误差为4.3141345183054604e-05
第836轮已经完成
本轮误差为0.0004992641819020113
第837轮已经完成
本轮误差为0.0006002929682532946
第838轮已经完成
本轮误差为0.001965890328089396
第839轮已经完成
本轮误差为0.0004589557647705078
第840轮已经完成
本轮误差为0.000705718994140625
第841轮已经完成
本轮误差为3.8623809814453125e-05
第842轮已经完成
本轮误差为0.0004992641819020113
第843轮已经完成
本轮误差为0.0013704208346704643
第844轮已经完成
本轮误差为7.35918680826823e-05
第845轮已经完成
本轮误差为3.870328267415365e-05
第846轮已经完成
本轮误差为0.00046771764755249023
第847轮已经完成
本轮误差为0.00017366313841193914
第848轮已经完成
本轮误差为0.0007299482822418213
第849轮已经完成
本轮误差为0.00022352397597084442
第850轮已经完成
本轮误差为1.4493862787882486e-05
第851轮已经完成
本轮误差为0.0001186169683933258
第852轮已经完成
本轮误差为2.4159749348958332e-05
第853轮已经完成
本轮误差为3.870328267415365e-05
第854轮已经完成
本轮误差为0.0004992641819020113
第855轮已经完成
本轮误差为0.0013678258595367272
第856轮已经完成
本轮误差为9.817505876223247e-05
第857轮已经完成
本轮误差为5.070368448893229e-05
第858轮已经完成
本轮误差为0.0013678258595367272
第859轮已经完成
本轮误差为8.766353130340576e-05
第860轮已经完成
本轮误差为4.302834471066793e-05
第861轮已经完成
本轮误差为2.104043960571289e-05
第862轮已经完成
本轮误差为0.00017366313841193914
第863轮已经完成
本轮误差为4.3114026387532554e-05
第864轮已经完成
本轮误差为0.0009840081135431926
第865轮已经完成
本轮误差为4.6869119008382164e-05
第866轮已经完成
本轮误差为0.00017481607695420584
第867轮已经完成
本轮误差为1.8358230590820312e-05
第868轮已经完成
本轮误差为0.0002154714117447535
第869轮已经完成
本轮误差为8.51328174273173e-05
第870轮已经完成
本轮误差为0.0004992641819020113
第871轮已经完成
本轮误差为4.6352545420328774e-05
第872轮已经完成
本轮误差为0.0019598926107088723
第873轮已经完成
本轮误差为3.981590270996094e-05
第874轮已经完成
本轮误差为0.0013699828026195366
第875轮已经完成
本轮误差为1.2516975402832031e-05
第876轮已经完成
本轮误差为0.027764747540156048
第877轮已经完成
本轮误差为0.0010763825848698616
第878轮已经完成
本轮误差为0.0007380197445551554
第879轮已经完成
本轮误差为0.00014382911225159964
第880轮已经完成
本轮误差为3.921737273534139e-05
第881轮已经完成
本轮误差为0.0009247045964002609
第882轮已经完成
本轮误差为0.00010744730631510417
第883轮已经完成
本轮误差为8.661796649297078e-05
第884轮已经完成
本轮误差为4.0216914688547455e-05
第885轮已经完成
本轮误差为0.0013589197769761086
第886轮已经完成
本轮误差为7.906494041283925e-05
第887轮已经完成
本轮误差为0.0008139306058486303
第888轮已经完成
本轮误差为2.467632293701172e-05
第889轮已经完成
本轮误差为8.263190587361653e-05
第890轮已经完成
本轮误差为0.0009875645240147908
第891轮已经完成
本轮误差为0.00048687805732091266
第892轮已经完成
本轮误差为0.00010458628336588542
第893轮已经完成
本轮误差为0.0019598926107088723
第894轮已经完成
本轮误差为2.853075663248698e-05
第895轮已经完成
本轮误差为4.144509633382162e-05
第896轮已经完成
本轮误差为4.003445307413737e-05
第897轮已经完成
本轮误差为4.712740580240885e-05
第898轮已经完成
本轮误差为0.009265859921773275
第899轮已经完成
本轮误差为0.0013067374626795452
第900轮已经完成
本轮误差为0.0001726349194844564
第901轮已经完成
本轮误差为0.0002207476645708084
第902轮已经完成
本轮误差为0.0004981248639523983
第903轮已经完成
本轮误差为0.00011857350667317708
第904轮已经完成
本轮误差为6.159146626790364e-05
第905轮已经完成
本轮误差为3.700579206148783e-05
第906轮已经完成
本轮误差为0.0004981248639523983
第907轮已经完成
本轮误差为0.0019598926107088723
第908轮已经完成
本轮误差为3.9561341206232704e-05
第909轮已经完成
本轮误差为0.0001668234666188558
第910轮已经完成
本轮误差为0.0007380197445551554
第911轮已经完成
本轮误差为0.00037384033203125
第912轮已经完成
本轮误差为0.00015354156494140625
第913轮已经完成
本轮误差为6.571412086486816e-05
第914轮已经完成
本轮误差为9.238844116528828e-05
第915轮已经完成
本轮误差为0.0004981248639523983
第916轮已经完成
本轮误差为3.981590270996094e-05
第917轮已经完成
本轮误差为9.614881128072739e-05
第918轮已经完成
本轮误差为0.00010453661282857259
第919轮已经完成
本轮误差为0.0013678258595367272
第920轮已经完成
本轮误差为0.00048687805732091266
第921轮已经完成
本轮误差为7.35918680826823e-05
第922轮已经完成
本轮误差为0.027764747540156048
第923轮已经完成
本轮误差为0.00019187169770399729
第924轮已经完成
本轮误差为0.0003119442456712325
第925轮已经完成
本轮误差为0.000741124153137207
第926轮已经完成
本轮误差为2.2550423940022785e-05
第927轮已经完成
本轮误差为0.001361323210100333
第928轮已经完成
本轮误差为4.4186909993489586e-05
第929轮已经完成
本轮误差为4.00543212890625e-05
第930轮已经完成
本轮误差为0.00021576229482889175
第931轮已经完成
[CRITICAL] KERNEL(6020,7f5a4cfe9700,python):2022-08-10-10:59:42.156.707 [mindspore/ccsrc/plugin/device/cpu/kernel/pad_cpu_kernel.cc:102] LaunchKernel] For 'Pad', output buffer memset failed.
[ERROR] DEVICE(6020,7f5a4cfe9700,python):2022-08-10-10:59:42.157.205 [mindspore/ccsrc/runtime/pynative/op_executor.cc:158] WorkerLoop] Run lazy task failed, error message:mindspore/ccsrc/plugin/device/cpu/kernel/pad_cpu_kernel.cc:102 LaunchKernel] For 'Pad', output buffer memset failed.
Traceback (most recent call last):
  File "/HNAS2022.7.24/main.py", line 48, in <module>
    torch_tf_max_diff,torch_tf_mean_diff,torch_mindspore_max_diff,torch_mindspore_mean_diff,tf_mindspore_max_diff,tf_mindspore_mean_diff,avg_max_diff,avg_mean_diff = worker.excute()
  File "/HNAS2022.7.24/DataStruct/worker.py", line 14, in excute
    torch_tf_max_diff,torch_tf_mean_diff,torch_mindspore_max_diff,torch_mindspore_mean_diff,tf_mindspore_max_diff,tf_mindspore_mean_diff,avg_max_diff,avg_mean_diff=calFitness(g)
  File "/HNAS2022.7.24/Method/calFitness.py", line 12, in calFitness
    avg_max_diff,avg_mean_diff=exe_module()
  File "/HNAS2022.7.24/Method/module_executor.py", line 125, in exe_module
    mindspore_output = mindspore_net(mindspore_input)
  File "/root/anaconda3/envs/icse2023/lib/python3.9/site-packages/mindspore/nn/cell.py", line 612, in __call__
    raise err
  File "/root/anaconda3/envs/icse2023/lib/python3.9/site-packages/mindspore/nn/cell.py", line 609, in __call__
    output = self._run_construct(cast_inputs, kwargs)
  File "/root/anaconda3/envs/icse2023/lib/python3.9/site-packages/mindspore/nn/cell.py", line 429, in _run_construct
    output = self.construct(*cast_inputs, **kwargs)
  File "/HNAS2022.7.24/Method/Models/testnet_mindspore.py", line 498, in construct
    out = self.cell_2(out)
  File "/root/anaconda3/envs/icse2023/lib/python3.9/site-packages/mindspore/nn/cell.py", line 612, in __call__
    raise err
  File "/root/anaconda3/envs/icse2023/lib/python3.9/site-packages/mindspore/nn/cell.py", line 609, in __call__
    output = self._run_construct(cast_inputs, kwargs)
  File "/root/anaconda3/envs/icse2023/lib/python3.9/site-packages/mindspore/nn/cell.py", line 429, in _run_construct
    output = self.construct(*cast_inputs, **kwargs)
  File "/HNAS2022.7.24/Method/Models/testnet_mindspore.py", line 65, in construct
    temp = ops.Concat(1)((tensors[toIndex], input))
  File "/root/anaconda3/envs/icse2023/lib/python3.9/site-packages/mindspore/ops/primitive.py", line 294, in __call__
    return _run_op(self, self.name, args)
  File "/root/anaconda3/envs/icse2023/lib/python3.9/site-packages/mindspore/common/api.py", line 90, in wrapper
    results = fn(*arg, **kwargs)
  File "/root/anaconda3/envs/icse2023/lib/python3.9/site-packages/mindspore/ops/primitive.py", line 754, in _run_op
    output = real_run_op(obj, op_name, args)
RuntimeError: mindspore/ccsrc/plugin/device/cpu/kernel/pad_cpu_kernel.cc:102 LaunchKernel] For 'Pad', output buffer memset failed.
